Saving Recipe instance with ID 3
Saving Recipe instance with ID 3
Viewing all the data with List view Class Based View
Viewing all the data with List view Class Based View
"GET / HTTP/1.1" 200 17147
"GET / HTTP/1.1" 200 17147
"GET /delete_item/3/ HTTP/1.1" 200 4090
"GET /delete_item/3/ HTTP/1.1" 200 4090
Deleting Recipe instance with ID 3
Deleting Recipe instance with ID 3
"POST /delete_item/3/ HTTP/1.1" 302 0
"POST /delete_item/3/ HTTP/1.1" 302 0
Viewing all the data with List view Class Based View
Viewing all the data with List view Class Based View
"GET / HTTP/1.1" 200 15522
"GET / HTTP/1.1" 200 15522
Method Not Allowed (GET): /members/logout/
Method Not Allowed (GET): /members/logout/
Method Not Allowed: /members/logout/
Method Not Allowed: /members/logout/
Viewing all the data with List view Class Based View
Viewing all the data with List view Class Based View
Method Not Allowed (GET): /members/logout/
Method Not Allowed (GET): /members/logout/
Method Not Allowed: /members/logout/
Method Not Allowed: /members/logout/
User Logged out successfully
User Logged out successfully
Viewing all the data with List view Class Based View
Viewing all the data with List view Class Based View
Viewing all the data with List view Class Based View
Viewing all the data with List view Class Based View
Method Not Allowed (GET): /members/logout/
Method Not Allowed (GET): /members/logout/
Method Not Allowed: /members/logout/
Method Not Allowed: /members/logout/
Invalid username or password
Invalid username or password
User Logged out successfully
User Logged out successfully
Viewing all the data with List view Class Based View
Viewing all the data with List view Class Based View
Viewing all the data with List view Class Based View
Viewing all the data with List view Class Based View
Method Not Allowed (GET): /members/logout/
Method Not Allowed (GET): /members/logout/
Method Not Allowed: /members/logout/
Method Not Allowed: /members/logout/
Invalid username or password
Invalid username or password
User Logged out successfully
User Logged out successfully
Viewing all the data with List view Class Based View
Viewing all the data with List view Class Based View
Viewing all the data with List view Class Based View
Viewing all the data with List view Class Based View
User Logged out successfully
User Logged out successfully
Viewing all the data with List view Class Based View
Viewing all the data with List view Class Based View
Invalid username or password
Invalid username or password
User Logged out successfully
User Logged out successfully
Viewing all the data with List view Class Based View
Viewing all the data with List view Class Based View
Viewing all the data with List view Class Based View
Viewing all the data with List view Class Based View
User Logged out successfully
User Logged out successfully
Viewing all the data with List view Class Based View
Viewing all the data with List view Class Based View
Invalid username or password
Invalid username or password
User Logged out successfully
User Logged out successfully
Viewing all the data with List view Class Based View
Viewing all the data with List view Class Based View
Viewing all the data with List view Class Based View
Viewing all the data with List view Class Based View
User Logged out successfully
User Logged out successfully
Viewing all the data with List view Class Based View
Viewing all the data with List view Class Based View
Invalid username or password
Invalid username or password
User Logged out successfully
User Logged out successfully
Viewing all the data with List view Class Based View
Viewing all the data with List view Class Based View
Viewing all the data with List view Class Based View
Viewing all the data with List view Class Based View
User Logged out successfully
User Logged out successfully
Viewing all the data with List view Class Based View
Viewing all the data with List view Class Based View
Invalid username or password
Invalid username or password
Viewing all the data with List view Class Based View
Viewing all the data with List view Class Based View
Invalid username or password
Invalid username or password
User Logged out successfully
User Logged out successfully
Viewing all the data with List view Class Based View
Viewing all the data with List view Class Based View
Viewing all the data with List view Class Based View
Viewing all the data with List view Class Based View
Viewing all the data with List view Class Based View
Viewing all the data with List view Class Based View
Invalid username or password
Invalid username or password
User Logged out successfully
User Logged out successfully
Viewing all the data with List view Class Based View
Viewing all the data with List view Class Based View
Viewing all the data with List view Class Based View
Viewing all the data with List view Class Based View
C:\Users\Consultant\PycharmProjects\recieptTrack\recieptTrack\settings.py changed, reloading.
C:\Users\Consultant\PycharmProjects\recieptTrack\recieptTrack\settings.py changed, reloading.
Watching for file changes with StatReloader
Watching for file changes with StatReloader
Viewing all the data with List view Class Based View
Viewing all the data with List view Class Based View
Invalid username or password
Invalid username or password
User Logged out successfully
User Logged out successfully
Viewing all the data with List view Class Based View
Viewing all the data with List view Class Based View
Viewing all the data with List view Class Based View
Viewing all the data with List view Class Based View
User Logged out successfully
User Logged out successfully
Viewing all the data with List view Class Based View
Viewing all the data with List view Class Based View
Viewing all the data with List view Class Based View
Viewing all the data with List view Class Based View
Saving Recipe instance with ID None
Saving Recipe instance with ID None
Saving Recipe instance with ID None
Saving Recipe instance with ID None
Saving Recipe instance with ID None
Saving Recipe instance with ID None
Saving Recipe instance with ID None
Saving Recipe instance with ID None
Saving Recipe instance with ID None
Saving Recipe instance with ID None
Saving Recipe instance with ID None
Saving Recipe instance with ID None
Saving Recipe instance with ID None
Saving Recipe instance with ID None
Saving Recipe instance with ID None
Saving Recipe instance with ID None
Saving Recipe instance with ID None
Saving Recipe instance with ID None
Saving Recipe instance with ID None
Saving Recipe instance with ID None
Viewing all the data with List view Class Based View
Viewing all the data with List view Class Based View
Saving Recipe instance with ID None
Saving Recipe instance with ID None
Saving Recipe instance with ID 1
Saving Recipe instance with ID 1
Deleting Recipe instance with ID 1
Deleting Recipe instance with ID 1
Saving Recipe instance with ID None
Saving Recipe instance with ID None
C:\Users\Consultant\PycharmProjects\recieptTrack\trackApp\models.py changed, reloading.
C:\Users\Consultant\PycharmProjects\recieptTrack\trackApp\models.py changed, reloading.
Watching for file changes with StatReloader
Watching for file changes with StatReloader
Saving Recipe instance with ID None
Saving Recipe instance with ID None
Saving Recipe instance with ID 1
Saving Recipe instance with ID 1
Deleting Recipe instance with ID 1
Deleting Recipe instance with ID 1
Saving Recipe instance with ID None
Saving Recipe instance with ID None
Saving Recipe instance with ID None
Saving Recipe instance with ID None
Saving Recipe instance with ID 1
Saving Recipe instance with ID 1
Deleting Recipe instance with ID 1
Deleting Recipe instance with ID 1
Saving Recipe instance with ID None
Saving Recipe instance with ID None
